<?xml version="1.0" encoding="UTF-8"?>
<!-- Generated by org.testng.reporters.JUnitReportReporter -->
<testsuite hostname="Nivethitha" failures="0" tests="2" name="transactions.CreditAnnotations" time="10.985" errors="0" timestamp="2025-06-15T18:50:48 IST" skipped="0">
  <testcase classname="transactions.CreditAnnotations" name="tc002_scroll" time="5.660"/>
  <system-out/>
  <testcase classname="transactions.CreditAnnotations" name="tc001_search" time="5.325"/>
  <system-out/>
</testsuite> <!-- transactions.CreditAnnotations -->
